<?xml version="1.0" encoding="UTF-8"?>
<coverage generated="1589264134781" clover="3.2.0">
  <project timestamp="1589264134781" name="All files">
    <metrics statements="91" coveredstatements="90" conditionals="42" coveredconditionals="34" methods="30" coveredmethods="28" elements="163" coveredelements="152" complexity="0" loc="91" ncloc="91" packages="12" files="12" classes="12"/>
    <package name="common">
      <metrics statements="7" coveredstatements="6" conditionals="2" coveredconditionals="1" methods="1" coveredmethods="1"/>
      <file name="numberFormatter.js" path="/Users/eram/Desktop/CSC59939/sype/src/common/numberFormatter.js">
        <metrics statements="7" coveredstatements="6" conditionals="2" coveredconditionals="1" methods="1" coveredmethods="1"/>
        <line num="1" count="4" type="stmt"/>
        <line num="2" count="70" type="stmt"/>
        <line num="11" count="70" type="stmt"/>
        <line num="13" count="70" type="stmt"/>
        <line num="14" count="420" type="cond" truecount="1" falsecount="1"/>
        <line num="15" count="0" type="stmt"/>
        <line num="18" count="70" type="stmt"/>
      </file>
    </package>
    <package name="screens.app.Components.BookmarkButton">
      <metrics statements="12" coveredstatements="12" conditionals="12" coveredconditionals="10" methods="3" coveredmethods="3"/>
      <file name="BookmarkButton.js" path="/Users/eram/Desktop/CSC59939/sype/src/screens/app/Components/BookmarkButton/BookmarkButton.js">
        <metrics statements="12" coveredstatements="12" conditionals="12" coveredconditionals="10" methods="3" coveredmethods="3"/>
        <line num="7" count="6" type="stmt"/>
        <line num="8" count="6" type="cond" truecount="2" falsecount="0"/>
        <line num="9" count="3" type="stmt"/>
        <line num="12" count="3" type="cond" truecount="1" falsecount="1"/>
        <line num="13" count="3" type="stmt"/>
        <line num="19" count="6" type="stmt"/>
        <line num="20" count="2" type="cond" truecount="2" falsecount="0"/>
        <line num="21" count="1" type="stmt"/>
        <line num="24" count="1" type="cond" truecount="1" falsecount="1"/>
        <line num="25" count="1" type="stmt"/>
        <line num="32" count="8" type="stmt"/>
        <line num="43" count="1" type="stmt"/>
      </file>
    </package>
    <package name="screens.app.Components.FollowerButton">
      <metrics statements="11" coveredstatements="11" conditionals="4" coveredconditionals="4" methods="4" coveredmethods="4"/>
      <file name="FollowerButton.js" path="/Users/eram/Desktop/CSC59939/sype/src/screens/app/Components/FollowerButton/FollowerButton.js">
        <metrics statements="11" coveredstatements="11" conditionals="4" coveredconditionals="4" methods="4" coveredmethods="4"/>
        <line num="10" count="26" type="stmt"/>
        <line num="18" count="26" type="stmt"/>
        <line num="19" count="10" type="stmt"/>
        <line num="20" count="10" type="stmt"/>
        <line num="25" count="26" type="stmt"/>
        <line num="30" count="26" type="stmt"/>
        <line num="36" count="26" type="stmt"/>
        <line num="41" count="26" type="stmt"/>
        <line num="45" count="10" type="stmt"/>
        <line num="52" count="2" type="stmt"/>
        <line num="57" count="2" type="stmt"/>
      </file>
    </package>
    <package name="screens.app.Components.FollowingButton">
      <metrics statements="11" coveredstatements="11" conditionals="4" coveredconditionals="4" methods="4" coveredmethods="4"/>
      <file name="FollowingButton.js" path="/Users/eram/Desktop/CSC59939/sype/src/screens/app/Components/FollowingButton/FollowingButton.js">
        <metrics statements="11" coveredstatements="11" conditionals="4" coveredconditionals="4" methods="4" coveredmethods="4"/>
        <line num="10" count="26" type="stmt"/>
        <line num="19" count="26" type="stmt"/>
        <line num="20" count="10" type="stmt"/>
        <line num="21" count="10" type="stmt"/>
        <line num="26" count="26" type="stmt"/>
        <line num="31" count="26" type="stmt"/>
        <line num="37" count="26" type="stmt"/>
        <line num="42" count="26" type="stmt"/>
        <line num="45" count="10" type="stmt"/>
        <line num="52" count="2" type="stmt"/>
        <line num="57" count="2" type="stmt"/>
      </file>
    </package>
    <package name="screens.app.Components.LikeButton">
      <metrics statements="12" coveredstatements="12" conditionals="12" coveredconditionals="10" methods="3" coveredmethods="3"/>
      <file name="LikeButton.js" path="/Users/eram/Desktop/CSC59939/sype/src/screens/app/Components/LikeButton/LikeButton.js">
        <metrics statements="12" coveredstatements="12" conditionals="12" coveredconditionals="10" methods="3" coveredmethods="3"/>
        <line num="7" count="6" type="stmt"/>
        <line num="8" count="6" type="cond" truecount="2" falsecount="0"/>
        <line num="9" count="3" type="stmt"/>
        <line num="12" count="3" type="cond" truecount="1" falsecount="1"/>
        <line num="13" count="3" type="stmt"/>
        <line num="19" count="6" type="stmt"/>
        <line num="20" count="2" type="cond" truecount="2" falsecount="0"/>
        <line num="21" count="1" type="stmt"/>
        <line num="24" count="1" type="cond" truecount="1" falsecount="1"/>
        <line num="25" count="1" type="stmt"/>
        <line num="32" count="8" type="stmt"/>
        <line num="43" count="1" type="stmt"/>
      </file>
    </package>
    <package name="screens.app.Components.PostCountButton">
      <metrics statements="7" coveredstatements="7" conditionals="4" coveredconditionals="3" methods="2" coveredmethods="2"/>
      <file name="PostCountButton.js" path="/Users/eram/Desktop/CSC59939/sype/src/screens/app/Components/PostCountButton/PostCountButton.js">
        <metrics statements="7" coveredstatements="7" conditionals="4" coveredconditionals="3" methods="2" coveredmethods="2"/>
        <line num="10" count="5" type="stmt"/>
        <line num="14" count="5" type="stmt"/>
        <line num="19" count="5" type="stmt"/>
        <line num="26" count="5" type="stmt"/>
        <line num="29" count="5" type="stmt"/>
        <line num="33" count="2" type="stmt"/>
        <line num="38" count="2" type="stmt"/>
      </file>
    </package>
    <package name="screens.app.Components.ProfileAvatar">
      <metrics statements="4" coveredstatements="4" conditionals="0" coveredconditionals="0" methods="3" coveredmethods="2"/>
      <file name="ProfileAvatar.js" path="/Users/eram/Desktop/CSC59939/sype/src/screens/app/Components/ProfileAvatar/ProfileAvatar.js">
        <metrics statements="4" coveredstatements="4" conditionals="0" coveredconditionals="0" methods="3" coveredmethods="2"/>
        <line num="6" count="2" type="stmt"/>
        <line num="9" count="2" type="stmt"/>
        <line num="12" count="2" type="stmt"/>
        <line num="20" count="2" type="stmt"/>
      </file>
    </package>
    <package name="screens.app.Components.ProfileBanner">
      <metrics statements="5" coveredstatements="5" conditionals="0" coveredconditionals="0" methods="2" coveredmethods="2"/>
      <file name="ProfileBanner.js" path="/Users/eram/Desktop/CSC59939/sype/src/screens/app/Components/ProfileBanner/ProfileBanner.js">
        <metrics statements="5" coveredstatements="5" conditionals="0" coveredconditionals="0" methods="2" coveredmethods="2"/>
        <line num="13" count="1" type="stmt"/>
        <line num="24" count="1" type="stmt"/>
        <line num="26" count="1" type="stmt"/>
        <line num="63" count="1" type="stmt"/>
        <line num="71" count="1" type="stmt"/>
      </file>
    </package>
    <package name="screens.app.Components.ProfileBannerAvatar">
      <metrics statements="9" coveredstatements="9" conditionals="4" coveredconditionals="2" methods="2" coveredmethods="2"/>
      <file name="ProfileBannerAvatar.js" path="/Users/eram/Desktop/CSC59939/sype/src/screens/app/Components/ProfileBannerAvatar/ProfileBannerAvatar.js">
        <metrics statements="9" coveredstatements="9" conditionals="4" coveredconditionals="2" methods="2" coveredmethods="2"/>
        <line num="8" count="4" type="stmt"/>
        <line num="13" count="4" type="stmt"/>
        <line num="14" count="4" type="stmt"/>
        <line num="15" count="4" type="stmt"/>
        <line num="17" count="4" type="stmt"/>
        <line num="20" count="4" type="stmt"/>
        <line num="25" count="4" type="stmt"/>
        <line num="33" count="2" type="stmt"/>
        <line num="40" count="2" type="stmt"/>
      </file>
    </package>
    <package name="screens.app.Components.ProfileUsername">
      <metrics statements="4" coveredstatements="4" conditionals="0" coveredconditionals="0" methods="1" coveredmethods="1"/>
      <file name="ProfileUsername.js" path="/Users/eram/Desktop/CSC59939/sype/src/screens/app/Components/ProfileUsername/ProfileUsername.js">
        <metrics statements="4" coveredstatements="4" conditionals="0" coveredconditionals="0" methods="1" coveredmethods="1"/>
        <line num="7" count="3" type="stmt"/>
        <line num="11" count="3" type="stmt"/>
        <line num="15" count="2" type="stmt"/>
        <line num="19" count="2" type="stmt"/>
      </file>
    </package>
    <package name="screens.app.Components.SettingsButton">
      <metrics statements="5" coveredstatements="5" conditionals="0" coveredconditionals="0" methods="3" coveredmethods="2"/>
      <file name="SettingsButton.js" path="/Users/eram/Desktop/CSC59939/sype/src/screens/app/Components/SettingsButton/SettingsButton.js">
        <metrics statements="5" coveredstatements="5" conditionals="0" coveredconditionals="0" methods="3" coveredmethods="2"/>
        <line num="7" count="4" type="stmt"/>
        <line num="8" count="4" type="stmt"/>
        <line num="14" count="4" type="stmt"/>
        <line num="16" count="4" type="stmt"/>
        <line num="26" count="1" type="stmt"/>
      </file>
    </package>
    <package name="screens.app.Components.UserCaption">
      <metrics statements="4" coveredstatements="4" conditionals="0" coveredconditionals="0" methods="2" coveredmethods="2"/>
      <file name="UserCaption.js" path="/Users/eram/Desktop/CSC59939/sype/src/screens/app/Components/UserCaption/UserCaption.js">
        <metrics statements="4" coveredstatements="4" conditionals="0" coveredconditionals="0" methods="2" coveredmethods="2"/>
        <line num="8" count="5" type="stmt"/>
        <line num="12" count="5" type="stmt"/>
        <line num="21" count="1" type="stmt"/>
        <line num="26" count="1" type="stmt"/>
      </file>
    </package>
  </project>
</coverage>
