{"/Users/eram/Desktop/CSC59939/sype/src/common/numberFormatter.js": {"path":"/Users/eram/Desktop/CSC59939/sype/src/common/numberFormatter.js","statementMap":{"0":{"start":{"line":1,"column":26},"end":{"line":19,"column":1}},"1":{"start":{"line":2,"column":11},"end":{"line":10,"column":3}},"2":{"start":{"line":11,"column":11},"end":{"line":11,"column":37}},"3":{"start":{"line":13,"column":2},"end":{"line":17,"column":3}},"4":{"start":{"line":14,"column":4},"end":{"line":16,"column":5}},"5":{"start":{"line":15,"column":6},"end":{"line":15,"column":12}},"6":{"start":{"line":18,"column":2},"end":{"line":18,"column":78}}},"fnMap":{"0":{"name":"(anonymous_0)","decl":{"start":{"line":1,"column":26},"end":{"line":1,"column":27}},"loc":{"start":{"line":1,"column":48},"end":{"line":19,"column":1}},"line":1}},"branchMap":{"0":{"loc":{"start":{"line":14,"column":4},"end":{"line":16,"column":5}},"type":"if","locations":[{"start":{"line":14,"column":4},"end":{"line":16,"column":5}},{"start":{"line":14,"column":4},"end":{"line":16,"column":5}}],"line":14}},"s":{"0":4,"1":70,"2":70,"3":70,"4":420,"5":0,"6":70},"f":{"0":70},"b":{"0":[0,420]},"_coverageSchema":"1a1c01bbd47fc00a2c39e90264f33305004495a9","hash":"fde85d247e52053241b8efb0b4bb042b0f2ac137"}
,"/Users/eram/Desktop/CSC59939/sype/src/screens/app/Components/BookmarkButton/BookmarkButton.js": {"path":"/Users/eram/Desktop/CSC59939/sype/src/screens/app/Components/BookmarkButton/BookmarkButton.js","statementMap":{"0":{"start":{"line":7,"column":4},"end":{"line":7,"column":17}},"1":{"start":{"line":8,"column":4},"end":{"line":16,"column":5}},"2":{"start":{"line":9,"column":6},"end":{"line":11,"column":8}},"3":{"start":{"line":12,"column":11},"end":{"line":16,"column":5}},"4":{"start":{"line":13,"column":6},"end":{"line":15,"column":8}},"5":{"start":{"line":19,"column":20},"end":{"line":29,"column":3}},"6":{"start":{"line":20,"column":4},"end":{"line":28,"column":5}},"7":{"start":{"line":21,"column":6},"end":{"line":23,"column":9}},"8":{"start":{"line":24,"column":11},"end":{"line":28,"column":5}},"9":{"start":{"line":25,"column":6},"end":{"line":27,"column":9}},"10":{"start":{"line":32,"column":4},"end":{"line":39,"column":6}},"11":{"start":{"line":42,"column":0},"end":{"line":44,"column":2}}},"fnMap":{"0":{"name":"(anonymous_0)","decl":{"start":{"line":6,"column":2},"end":{"line":6,"column":3}},"loc":{"start":{"line":6,"column":21},"end":{"line":17,"column":3}},"line":6},"1":{"name":"(anonymous_1)","decl":{"start":{"line":19,"column":20},"end":{"line":19,"column":21}},"loc":{"start":{"line":19,"column":29},"end":{"line":29,"column":3}},"line":19},"2":{"name":"(anonymous_2)","decl":{"start":{"line":31,"column":2},"end":{"line":31,"column":3}},"loc":{"start":{"line":31,"column":11},"end":{"line":40,"column":3}},"line":31}},"branchMap":{"0":{"loc":{"start":{"line":8,"column":4},"end":{"line":16,"column":5}},"type":"if","locations":[{"start":{"line":8,"column":4},"end":{"line":16,"column":5}},{"start":{"line":8,"column":4},"end":{"line":16,"column":5}}],"line":8},"1":{"loc":{"start":{"line":12,"column":11},"end":{"line":16,"column":5}},"type":"if","locations":[{"start":{"line":12,"column":11},"end":{"line":16,"column":5}},{"start":{"line":12,"column":11},"end":{"line":16,"column":5}}],"line":12},"2":{"loc":{"start":{"line":20,"column":4},"end":{"line":28,"column":5}},"type":"if","locations":[{"start":{"line":20,"column":4},"end":{"line":28,"column":5}},{"start":{"line":20,"column":4},"end":{"line":28,"column":5}}],"line":20},"3":{"loc":{"start":{"line":24,"column":11},"end":{"line":28,"column":5}},"type":"if","locations":[{"start":{"line":24,"column":11},"end":{"line":28,"column":5}},{"start":{"line":24,"column":11},"end":{"line":28,"column":5}}],"line":24},"4":{"loc":{"start":{"line":34,"column":14},"end":{"line":34,"column":71}},"type":"cond-expr","locations":[{"start":{"line":34,"column":40},"end":{"line":34,"column":50}},{"start":{"line":34,"column":53},"end":{"line":34,"column":71}}],"line":34},"5":{"loc":{"start":{"line":36,"column":15},"end":{"line":36,"column":57}},"type":"cond-expr","locations":[{"start":{"line":36,"column":41},"end":{"line":36,"column":48}},{"start":{"line":36,"column":51},"end":{"line":36,"column":57}}],"line":36}},"s":{"0":6,"1":6,"2":3,"3":3,"4":3,"5":6,"6":2,"7":1,"8":1,"9":1,"10":8,"11":1},"f":{"0":6,"1":2,"2":8},"b":{"0":[3,3],"1":[3,0],"2":[1,1],"3":[1,0],"4":[4,4],"5":[4,4]},"_coverageSchema":"1a1c01bbd47fc00a2c39e90264f33305004495a9","hash":"17a640e7ecbdf9d2b9d8b833507bcefdb1e2366c"}
,"/Users/eram/Desktop/CSC59939/sype/src/screens/app/Components/FollowerButton/FollowerButton.js": {"path":"/Users/eram/Desktop/CSC59939/sype/src/screens/app/Components/FollowerButton/FollowerButton.js","statementMap":{"0":{"start":{"line":10,"column":4},"end":{"line":10,"column":17}},"1":{"start":{"line":18,"column":22},"end":{"line":21,"column":3}},"2":{"start":{"line":19,"column":4},"end":{"line":19,"column":59}},"3":{"start":{"line":20,"column":4},"end":{"line":20,"column":50}},"4":{"start":{"line":25,"column":21},"end":{"line":25,"column":40}},"5":{"start":{"line":30,"column":25},"end":{"line":30,"column":50}},"6":{"start":{"line":36,"column":4},"end":{"line":39,"column":12}},"7":{"start":{"line":41,"column":4},"end":{"line":48,"column":6}},"8":{"start":{"line":45,"column":23},"end":{"line":45,"column":55}},"9":{"start":{"line":52,"column":0},"end":{"line":55,"column":2}},"10":{"start":{"line":57,"column":15},"end":{"line":61,"column":2}}},"fnMap":{"0":{"name":"(anonymous_0)","decl":{"start":{"line":9,"column":2},"end":{"line":9,"column":3}},"loc":{"start":{"line":9,"column":21},"end":{"line":11,"column":3}},"line":9},"1":{"name":"(anonymous_1)","decl":{"start":{"line":18,"column":22},"end":{"line":18,"column":23}},"loc":{"start":{"line":18,"column":30},"end":{"line":21,"column":3}},"line":18},"2":{"name":"(anonymous_2)","decl":{"start":{"line":23,"column":2},"end":{"line":23,"column":3}},"loc":{"start":{"line":23,"column":11},"end":{"line":49,"column":3}},"line":23},"3":{"name":"(anonymous_3)","decl":{"start":{"line":45,"column":17},"end":{"line":45,"column":18}},"loc":{"start":{"line":45,"column":23},"end":{"line":45,"column":55}},"line":45}},"branchMap":{"0":{"loc":{"start":{"line":37,"column":6},"end":{"line":39,"column":11}},"type":"cond-expr","locations":[{"start":{"line":38,"column":10},"end":{"line":38,"column":24}},{"start":{"line":39,"column":10},"end":{"line":39,"column":11}}],"line":37},"1":{"loc":{"start":{"line":37,"column":6},"end":{"line":37,"column":61}},"type":"binary-expr","locations":[{"start":{"line":37,"column":6},"end":{"line":37,"column":38}},{"start":{"line":37,"column":42},"end":{"line":37,"column":61}}],"line":37}},"s":{"0":26,"1":26,"2":10,"3":10,"4":26,"5":26,"6":26,"7":26,"8":10,"9":2,"10":2},"f":{"0":26,"1":10,"2":26,"3":10},"b":{"0":[5,21],"1":[26,6]},"_coverageSchema":"1a1c01bbd47fc00a2c39e90264f33305004495a9","hash":"071391bdbeca027c354ffc246d48d63a2b87dc02"}
,"/Users/eram/Desktop/CSC59939/sype/src/screens/app/Components/FollowingButton/FollowingButton.js": {"path":"/Users/eram/Desktop/CSC59939/sype/src/screens/app/Components/FollowingButton/FollowingButton.js","statementMap":{"0":{"start":{"line":10,"column":4},"end":{"line":10,"column":17}},"1":{"start":{"line":19,"column":23},"end":{"line":22,"column":3}},"2":{"start":{"line":20,"column":4},"end":{"line":20,"column":60}},"3":{"start":{"line":21,"column":4},"end":{"line":21,"column":51}},"4":{"start":{"line":26,"column":21},"end":{"line":26,"column":40}},"5":{"start":{"line":31,"column":26},"end":{"line":31,"column":52}},"6":{"start":{"line":37,"column":4},"end":{"line":40,"column":12}},"7":{"start":{"line":42,"column":4},"end":{"line":48,"column":6}},"8":{"start":{"line":45,"column":23},"end":{"line":45,"column":56}},"9":{"start":{"line":52,"column":0},"end":{"line":55,"column":2}},"10":{"start":{"line":57,"column":15},"end":{"line":61,"column":2}}},"fnMap":{"0":{"name":"(anonymous_0)","decl":{"start":{"line":9,"column":2},"end":{"line":9,"column":3}},"loc":{"start":{"line":9,"column":21},"end":{"line":11,"column":3}},"line":9},"1":{"name":"(anonymous_1)","decl":{"start":{"line":19,"column":23},"end":{"line":19,"column":24}},"loc":{"start":{"line":19,"column":31},"end":{"line":22,"column":3}},"line":19},"2":{"name":"(anonymous_2)","decl":{"start":{"line":24,"column":2},"end":{"line":24,"column":3}},"loc":{"start":{"line":24,"column":11},"end":{"line":49,"column":3}},"line":24},"3":{"name":"(anonymous_3)","decl":{"start":{"line":45,"column":17},"end":{"line":45,"column":18}},"loc":{"start":{"line":45,"column":23},"end":{"line":45,"column":56}},"line":45}},"branchMap":{"0":{"loc":{"start":{"line":38,"column":6},"end":{"line":40,"column":11}},"type":"cond-expr","locations":[{"start":{"line":39,"column":10},"end":{"line":39,"column":25}},{"start":{"line":40,"column":10},"end":{"line":40,"column":11}}],"line":38},"1":{"loc":{"start":{"line":38,"column":6},"end":{"line":38,"column":63}},"type":"binary-expr","locations":[{"start":{"line":38,"column":6},"end":{"line":38,"column":39}},{"start":{"line":38,"column":43},"end":{"line":38,"column":63}}],"line":38}},"s":{"0":26,"1":26,"2":10,"3":10,"4":26,"5":26,"6":26,"7":26,"8":10,"9":2,"10":2},"f":{"0":26,"1":10,"2":26,"3":10},"b":{"0":[9,17],"1":[26,10]},"_coverageSchema":"1a1c01bbd47fc00a2c39e90264f33305004495a9","hash":"cdb2860abb8e5b1d7045f339436bb99051bf2ba5"}
,"/Users/eram/Desktop/CSC59939/sype/src/screens/app/Components/LikeButton/LikeButton.js": {"path":"/Users/eram/Desktop/CSC59939/sype/src/screens/app/Components/LikeButton/LikeButton.js","statementMap":{"0":{"start":{"line":7,"column":4},"end":{"line":7,"column":17}},"1":{"start":{"line":8,"column":4},"end":{"line":16,"column":5}},"2":{"start":{"line":9,"column":6},"end":{"line":11,"column":8}},"3":{"start":{"line":12,"column":11},"end":{"line":16,"column":5}},"4":{"start":{"line":13,"column":6},"end":{"line":15,"column":8}},"5":{"start":{"line":19,"column":20},"end":{"line":29,"column":3}},"6":{"start":{"line":20,"column":4},"end":{"line":28,"column":5}},"7":{"start":{"line":21,"column":6},"end":{"line":23,"column":9}},"8":{"start":{"line":24,"column":11},"end":{"line":28,"column":5}},"9":{"start":{"line":25,"column":6},"end":{"line":27,"column":9}},"10":{"start":{"line":32,"column":4},"end":{"line":39,"column":6}},"11":{"start":{"line":42,"column":0},"end":{"line":44,"column":2}}},"fnMap":{"0":{"name":"(anonymous_0)","decl":{"start":{"line":6,"column":2},"end":{"line":6,"column":3}},"loc":{"start":{"line":6,"column":21},"end":{"line":17,"column":3}},"line":6},"1":{"name":"(anonymous_1)","decl":{"start":{"line":19,"column":20},"end":{"line":19,"column":21}},"loc":{"start":{"line":19,"column":29},"end":{"line":29,"column":3}},"line":19},"2":{"name":"(anonymous_2)","decl":{"start":{"line":31,"column":2},"end":{"line":31,"column":3}},"loc":{"start":{"line":31,"column":11},"end":{"line":40,"column":3}},"line":31}},"branchMap":{"0":{"loc":{"start":{"line":8,"column":4},"end":{"line":16,"column":5}},"type":"if","locations":[{"start":{"line":8,"column":4},"end":{"line":16,"column":5}},{"start":{"line":8,"column":4},"end":{"line":16,"column":5}}],"line":8},"1":{"loc":{"start":{"line":12,"column":11},"end":{"line":16,"column":5}},"type":"if","locations":[{"start":{"line":12,"column":11},"end":{"line":16,"column":5}},{"start":{"line":12,"column":11},"end":{"line":16,"column":5}}],"line":12},"2":{"loc":{"start":{"line":20,"column":4},"end":{"line":28,"column":5}},"type":"if","locations":[{"start":{"line":20,"column":4},"end":{"line":28,"column":5}},{"start":{"line":20,"column":4},"end":{"line":28,"column":5}}],"line":20},"3":{"loc":{"start":{"line":24,"column":11},"end":{"line":28,"column":5}},"type":"if","locations":[{"start":{"line":24,"column":11},"end":{"line":28,"column":5}},{"start":{"line":24,"column":11},"end":{"line":28,"column":5}}],"line":24},"4":{"loc":{"start":{"line":34,"column":14},"end":{"line":34,"column":60}},"type":"cond-expr","locations":[{"start":{"line":34,"column":35},"end":{"line":34,"column":42}},{"start":{"line":34,"column":45},"end":{"line":34,"column":60}}],"line":34},"5":{"loc":{"start":{"line":36,"column":15},"end":{"line":36,"column":50}},"type":"cond-expr","locations":[{"start":{"line":36,"column":36},"end":{"line":36,"column":41}},{"start":{"line":36,"column":44},"end":{"line":36,"column":50}}],"line":36}},"s":{"0":6,"1":6,"2":3,"3":3,"4":3,"5":6,"6":2,"7":1,"8":1,"9":1,"10":8,"11":1},"f":{"0":6,"1":2,"2":8},"b":{"0":[3,3],"1":[3,0],"2":[1,1],"3":[1,0],"4":[4,4],"5":[4,4]},"_coverageSchema":"1a1c01bbd47fc00a2c39e90264f33305004495a9","hash":"f7e5f0fdc3a27123f723557b0a0e83da2d85f911"}
,"/Users/eram/Desktop/CSC59939/sype/src/screens/app/Components/PostCountButton/PostCountButton.js": {"path":"/Users/eram/Desktop/CSC59939/sype/src/screens/app/Components/PostCountButton/PostCountButton.js","statementMap":{"0":{"start":{"line":10,"column":4},"end":{"line":10,"column":17}},"1":{"start":{"line":14,"column":21},"end":{"line":14,"column":40}},"2":{"start":{"line":19,"column":22},"end":{"line":19,"column":44}},"3":{"start":{"line":26,"column":4},"end":{"line":27,"column":74}},"4":{"start":{"line":29,"column":4},"end":{"line":29,"column":78}},"5":{"start":{"line":33,"column":0},"end":{"line":36,"column":2}},"6":{"start":{"line":38,"column":15},"end":{"line":42,"column":2}}},"fnMap":{"0":{"name":"(anonymous_0)","decl":{"start":{"line":9,"column":2},"end":{"line":9,"column":3}},"loc":{"start":{"line":9,"column":21},"end":{"line":11,"column":3}},"line":9},"1":{"name":"(anonymous_1)","decl":{"start":{"line":13,"column":2},"end":{"line":13,"column":3}},"loc":{"start":{"line":13,"column":11},"end":{"line":30,"column":3}},"line":13}},"branchMap":{"0":{"loc":{"start":{"line":27,"column":6},"end":{"line":27,"column":73}},"type":"cond-expr","locations":[{"start":{"line":27,"column":58},"end":{"line":27,"column":69}},{"start":{"line":27,"column":72},"end":{"line":27,"column":73}}],"line":27},"1":{"loc":{"start":{"line":27,"column":6},"end":{"line":27,"column":55}},"type":"binary-expr","locations":[{"start":{"line":27,"column":6},"end":{"line":27,"column":35}},{"start":{"line":27,"column":39},"end":{"line":27,"column":55}}],"line":27}},"s":{"0":5,"1":5,"2":5,"3":5,"4":5,"5":2,"6":2},"f":{"0":5,"1":5},"b":{"0":[5,0],"1":[5,5]},"_coverageSchema":"1a1c01bbd47fc00a2c39e90264f33305004495a9","hash":"b4f559e987fb46e368d722ebce432e139ec28084"}
,"/Users/eram/Desktop/CSC59939/sype/src/screens/app/Components/ProfileAvatar/ProfileAvatar.js": {"path":"/Users/eram/Desktop/CSC59939/sype/src/screens/app/Components/ProfileAvatar/ProfileAvatar.js","statementMap":{"0":{"start":{"line":6,"column":4},"end":{"line":6,"column":17}},"1":{"start":{"line":9,"column":23},"end":{"line":9,"column":31}},"2":{"start":{"line":12,"column":4},"end":{"line":17,"column":6}},"3":{"start":{"line":20,"column":15},"end":{"line":28,"column":2}}},"fnMap":{"0":{"name":"(anonymous_0)","decl":{"start":{"line":5,"column":2},"end":{"line":5,"column":3}},"loc":{"start":{"line":5,"column":21},"end":{"line":7,"column":3}},"line":5},"1":{"name":"(anonymous_1)","decl":{"start":{"line":9,"column":23},"end":{"line":9,"column":24}},"loc":{"start":{"line":9,"column":29},"end":{"line":9,"column":31}},"line":9},"2":{"name":"(anonymous_2)","decl":{"start":{"line":11,"column":2},"end":{"line":11,"column":3}},"loc":{"start":{"line":11,"column":11},"end":{"line":18,"column":3}},"line":11}},"branchMap":{},"s":{"0":1,"1":1,"2":1,"3":1},"f":{"0":1,"1":0,"2":1},"b":{},"_coverageSchema":"1a1c01bbd47fc00a2c39e90264f33305004495a9","hash":"3003727797429fc2e365d3fc7dec9004a230685a"}
,"/Users/eram/Desktop/CSC59939/sype/src/screens/app/Components/ProfileBanner/ProfileBanner.js": {"path":"/Users/eram/Desktop/CSC59939/sype/src/screens/app/Components/ProfileBanner/ProfileBanner.js","statementMap":{"0":{"start":{"line":13,"column":4},"end":{"line":13,"column":17}},"1":{"start":{"line":24,"column":8},"end":{"line":24,"column":18}},"2":{"start":{"line":26,"column":4},"end":{"line":59,"column":6}},"3":{"start":{"line":63,"column":0},"end":{"line":69,"column":2}},"4":{"start":{"line":71,"column":15},"end":{"line":88,"column":2}}},"fnMap":{"0":{"name":"(anonymous_0)","decl":{"start":{"line":12,"column":2},"end":{"line":12,"column":3}},"loc":{"start":{"line":12,"column":21},"end":{"line":14,"column":3}},"line":12},"1":{"name":"(anonymous_1)","decl":{"start":{"line":16,"column":2},"end":{"line":16,"column":3}},"loc":{"start":{"line":16,"column":11},"end":{"line":60,"column":3}},"line":16}},"branchMap":{},"s":{"0":1,"1":1,"2":1,"3":1,"4":1},"f":{"0":1,"1":1},"b":{},"_coverageSchema":"1a1c01bbd47fc00a2c39e90264f33305004495a9","hash":"1c5397809e50e814529b4b6d746fada60b7b2eb0"}
,"/Users/eram/Desktop/CSC59939/sype/src/screens/app/Components/ProfileBannerAvatar/ProfileBannerAvatar.js": {"path":"/Users/eram/Desktop/CSC59939/sype/src/screens/app/Components/ProfileBannerAvatar/ProfileBannerAvatar.js","statementMap":{"0":{"start":{"line":8,"column":4},"end":{"line":8,"column":17}},"1":{"start":{"line":13,"column":6},"end":{"line":13,"column":121}},"2":{"start":{"line":14,"column":31},"end":{"line":14,"column":34}},"3":{"start":{"line":15,"column":21},"end":{"line":16,"column":15}},"4":{"start":{"line":17,"column":24},"end":{"line":17,"column":48}},"5":{"start":{"line":20,"column":4},"end":{"line":23,"column":32}},"6":{"start":{"line":25,"column":4},"end":{"line":29,"column":6}},"7":{"start":{"line":33,"column":0},"end":{"line":38,"column":2}},"8":{"start":{"line":40,"column":15},"end":{"line":45,"column":2}}},"fnMap":{"0":{"name":"(anonymous_0)","decl":{"start":{"line":7,"column":2},"end":{"line":7,"column":3}},"loc":{"start":{"line":7,"column":21},"end":{"line":9,"column":3}},"line":7},"1":{"name":"(anonymous_1)","decl":{"start":{"line":11,"column":2},"end":{"line":11,"column":3}},"loc":{"start":{"line":11,"column":11},"end":{"line":30,"column":3}},"line":11}},"branchMap":{"0":{"loc":{"start":{"line":21,"column":6},"end":{"line":23,"column":31}},"type":"cond-expr","locations":[{"start":{"line":22,"column":10},"end":{"line":22,"column":23}},{"start":{"line":23,"column":10},"end":{"line":23,"column":31}}],"line":21},"1":{"loc":{"start":{"line":21,"column":6},"end":{"line":21,"column":74}},"type":"binary-expr","locations":[{"start":{"line":21,"column":6},"end":{"line":21,"column":39}},{"start":{"line":21,"column":43},"end":{"line":21,"column":74}}],"line":21}},"s":{"0":4,"1":4,"2":4,"3":4,"4":4,"5":4,"6":4,"7":2,"8":2},"f":{"0":4,"1":4},"b":{"0":[4,0],"1":[4,0]},"_coverageSchema":"1a1c01bbd47fc00a2c39e90264f33305004495a9","hash":"703f2c056c2e0ee53038913188fd76e83c3a8cc4"}
,"/Users/eram/Desktop/CSC59939/sype/src/screens/app/Components/ProfileUsername/ProfileUsername.js": {"path":"/Users/eram/Desktop/CSC59939/sype/src/screens/app/Components/ProfileUsername/ProfileUsername.js","statementMap":{"0":{"start":{"line":7,"column":21},"end":{"line":7,"column":40}},"1":{"start":{"line":11,"column":4},"end":{"line":11,"column":67}},"2":{"start":{"line":15,"column":0},"end":{"line":17,"column":2}},"3":{"start":{"line":19,"column":15},"end":{"line":23,"column":2}}},"fnMap":{"0":{"name":"(anonymous_0)","decl":{"start":{"line":6,"column":2},"end":{"line":6,"column":3}},"loc":{"start":{"line":6,"column":11},"end":{"line":12,"column":3}},"line":6}},"branchMap":{},"s":{"0":3,"1":3,"2":2,"3":2},"f":{"0":3},"b":{},"_coverageSchema":"1a1c01bbd47fc00a2c39e90264f33305004495a9","hash":"a8d2e051606d4507bda37aabf915c8938e6d76cd"}
,"/Users/eram/Desktop/CSC59939/sype/src/screens/app/Components/SettingsButton/SettingsButton.js": {"path":"/Users/eram/Desktop/CSC59939/sype/src/screens/app/Components/SettingsButton/SettingsButton.js","statementMap":{"0":{"start":{"line":7,"column":4},"end":{"line":7,"column":17}},"1":{"start":{"line":8,"column":4},"end":{"line":11,"column":6}},"2":{"start":{"line":14,"column":24},"end":{"line":14,"column":32}},"3":{"start":{"line":16,"column":4},"end":{"line":22,"column":6}},"4":{"start":{"line":26,"column":0},"end":{"line":28,"column":2}}},"fnMap":{"0":{"name":"(anonymous_0)","decl":{"start":{"line":6,"column":2},"end":{"line":6,"column":3}},"loc":{"start":{"line":6,"column":21},"end":{"line":12,"column":3}},"line":6},"1":{"name":"(anonymous_1)","decl":{"start":{"line":14,"column":24},"end":{"line":14,"column":25}},"loc":{"start":{"line":14,"column":30},"end":{"line":14,"column":32}},"line":14},"2":{"name":"(anonymous_2)","decl":{"start":{"line":15,"column":2},"end":{"line":15,"column":3}},"loc":{"start":{"line":15,"column":11},"end":{"line":23,"column":3}},"line":15}},"branchMap":{},"s":{"0":4,"1":4,"2":4,"3":4,"4":1},"f":{"0":4,"1":0,"2":4},"b":{},"_coverageSchema":"1a1c01bbd47fc00a2c39e90264f33305004495a9","hash":"cb549e80d384b4609fff066d00d09f81c2222087"}
,"/Users/eram/Desktop/CSC59939/sype/src/screens/app/Components/UserCaption/UserCaption.js": {"path":"/Users/eram/Desktop/CSC59939/sype/src/screens/app/Components/UserCaption/UserCaption.js","statementMap":{"0":{"start":{"line":8,"column":4},"end":{"line":8,"column":17}},"1":{"start":{"line":12,"column":4},"end":{"line":17,"column":6}},"2":{"start":{"line":20,"column":0},"end":{"line":23,"column":2}},"3":{"start":{"line":25,"column":15},"end":{"line":33,"column":2}}},"fnMap":{"0":{"name":"(anonymous_0)","decl":{"start":{"line":7,"column":2},"end":{"line":7,"column":3}},"loc":{"start":{"line":7,"column":21},"end":{"line":9,"column":3}},"line":7},"1":{"name":"(anonymous_1)","decl":{"start":{"line":11,"column":2},"end":{"line":11,"column":3}},"loc":{"start":{"line":11,"column":11},"end":{"line":18,"column":3}},"line":11}},"branchMap":{},"s":{"0":5,"1":5,"2":1,"3":1},"f":{"0":5,"1":5},"b":{},"_coverageSchema":"1a1c01bbd47fc00a2c39e90264f33305004495a9","hash":"40b52b0a61d5b6b6c37a3701228af412c31ccbcd"}
}
