TN:
SF:src/common/numberFormatter.js
FN:1,(anonymous_0)
FNF:1
FNH:1
FNDA:70,(anonymous_0)
DA:1,4
DA:2,70
DA:11,70
DA:13,70
DA:14,420
DA:15,0
DA:18,70
LF:7
LH:6
BRDA:14,0,0,0
BRDA:14,0,1,420
BRF:2
BRH:1
end_of_record
TN:
SF:src/screens/app/Components/BookmarkButton/BookmarkButton.js
FN:6,(anonymous_0)
FN:19,(anonymous_1)
FN:31,(anonymous_2)
FNF:3
FNH:3
FNDA:6,(anonymous_0)
FNDA:2,(anonymous_1)
FNDA:8,(anonymous_2)
DA:7,6
DA:8,6
DA:9,3
DA:12,3
DA:13,3
DA:19,6
DA:20,2
DA:21,1
DA:24,1
DA:25,1
DA:32,8
DA:42,1
LF:12
LH:12
BRDA:8,0,0,3
BRDA:8,0,1,3
BRDA:12,1,0,3
BRDA:12,1,1,0
BRDA:20,2,0,1
BRDA:20,2,1,1
BRDA:24,3,0,1
BRDA:24,3,1,0
BRDA:34,4,0,4
BRDA:34,4,1,4
BRDA:36,5,0,4
BRDA:36,5,1,4
BRF:12
BRH:10
end_of_record
TN:
SF:src/screens/app/Components/FollowerButton/FollowerButton.js
FN:9,(anonymous_0)
FN:18,(anonymous_1)
FN:23,(anonymous_2)
FN:45,(anonymous_3)
FNF:4
FNH:4
FNDA:26,(anonymous_0)
FNDA:10,(anonymous_1)
FNDA:26,(anonymous_2)
FNDA:10,(anonymous_3)
DA:10,26
DA:18,26
DA:19,10
DA:20,10
DA:25,26
DA:30,26
DA:36,26
DA:41,26
DA:45,10
DA:52,2
DA:57,2
LF:11
LH:11
BRDA:37,0,0,5
BRDA:37,0,1,21
BRDA:37,1,0,26
BRDA:37,1,1,6
BRF:4
BRH:4
end_of_record
TN:
SF:src/screens/app/Components/FollowingButton/FollowingButton.js
FN:9,(anonymous_0)
FN:19,(anonymous_1)
FN:24,(anonymous_2)
FN:45,(anonymous_3)
FNF:4
FNH:4
FNDA:26,(anonymous_0)
FNDA:10,(anonymous_1)
FNDA:26,(anonymous_2)
FNDA:10,(anonymous_3)
DA:10,26
DA:19,26
DA:20,10
DA:21,10
DA:26,26
DA:31,26
DA:37,26
DA:42,26
DA:45,10
DA:52,2
DA:57,2
LF:11
LH:11
BRDA:38,0,0,9
BRDA:38,0,1,17
BRDA:38,1,0,26
BRDA:38,1,1,10
BRF:4
BRH:4
end_of_record
TN:
SF:src/screens/app/Components/LikeButton/LikeButton.js
FN:6,(anonymous_0)
FN:19,(anonymous_1)
FN:31,(anonymous_2)
FNF:3
FNH:3
FNDA:6,(anonymous_0)
FNDA:2,(anonymous_1)
FNDA:8,(anonymous_2)
DA:7,6
DA:8,6
DA:9,3
DA:12,3
DA:13,3
DA:19,6
DA:20,2
DA:21,1
DA:24,1
DA:25,1
DA:32,8
DA:42,1
LF:12
LH:12
BRDA:8,0,0,3
BRDA:8,0,1,3
BRDA:12,1,0,3
BRDA:12,1,1,0
BRDA:20,2,0,1
BRDA:20,2,1,1
BRDA:24,3,0,1
BRDA:24,3,1,0
BRDA:34,4,0,4
BRDA:34,4,1,4
BRDA:36,5,0,4
BRDA:36,5,1,4
BRF:12
BRH:10
end_of_record
TN:
SF:src/screens/app/Components/PostCountButton/PostCountButton.js
FN:9,(anonymous_0)
FN:13,(anonymous_1)
FNF:2
FNH:2
FNDA:5,(anonymous_0)
FNDA:5,(anonymous_1)
DA:10,5
DA:14,5
DA:19,5
DA:26,5
DA:29,5
DA:33,2
DA:38,2
LF:7
LH:7
BRDA:27,0,0,5
BRDA:27,0,1,0
BRDA:27,1,0,5
BRDA:27,1,1,5
BRF:4
BRH:3
end_of_record
TN:
SF:src/screens/app/Components/ProfileAvatar/ProfileAvatar.js
FN:5,(anonymous_0)
FN:9,(anonymous_1)
FN:11,(anonymous_2)
FNF:3
FNH:2
FNDA:1,(anonymous_0)
FNDA:0,(anonymous_1)
FNDA:1,(anonymous_2)
DA:6,1
DA:9,1
DA:12,1
DA:20,1
LF:4
LH:4
BRF:0
BRH:0
end_of_record
TN:
SF:src/screens/app/Components/ProfileBanner/ProfileBanner.js
FN:12,(anonymous_0)
FN:16,(anonymous_1)
FNF:2
FNH:2
FNDA:1,(anonymous_0)
FNDA:1,(anonymous_1)
DA:13,1
DA:24,1
DA:26,1
DA:63,1
DA:71,1
LF:5
LH:5
BRF:0
BRH:0
end_of_record
TN:
SF:src/screens/app/Components/ProfileBannerAvatar/ProfileBannerAvatar.js
FN:7,(anonymous_0)
FN:11,(anonymous_1)
FNF:2
FNH:2
FNDA:4,(anonymous_0)
FNDA:4,(anonymous_1)
DA:8,4
DA:13,4
DA:14,4
DA:15,4
DA:17,4
DA:20,4
DA:25,4
DA:33,2
DA:40,2
LF:9
LH:9
BRDA:21,0,0,4
BRDA:21,0,1,0
BRDA:21,1,0,4
BRDA:21,1,1,0
BRF:4
BRH:2
end_of_record
TN:
SF:src/screens/app/Components/ProfileUsername/ProfileUsername.js
FN:6,(anonymous_0)
FNF:1
FNH:1
FNDA:3,(anonymous_0)
DA:7,3
DA:11,3
DA:15,2
DA:19,2
LF:4
LH:4
BRF:0
BRH:0
end_of_record
TN:
SF:src/screens/app/Components/SettingsButton/SettingsButton.js
FN:6,(anonymous_0)
FN:14,(anonymous_1)
FN:15,(anonymous_2)
FNF:3
FNH:2
FNDA:4,(anonymous_0)
FNDA:0,(anonymous_1)
FNDA:4,(anonymous_2)
DA:7,4
DA:8,4
DA:14,4
DA:16,4
DA:26,1
LF:5
LH:5
BRF:0
BRH:0
end_of_record
TN:
SF:src/screens/app/Components/UserCaption/UserCaption.js
FN:7,(anonymous_0)
FN:11,(anonymous_1)
FNF:2
FNH:2
FNDA:5,(anonymous_0)
FNDA:5,(anonymous_1)
DA:8,5
DA:12,5
DA:20,1
DA:25,1
LF:4
LH:4
BRF:0
BRH:0
end_of_record
